[00:33:29] [main/INFO] (Launcher) ModLauncher running: args [--launchTarget, neoforgeclientdev, --version, 21.4.9-beta, --assetIndex, 1.21.4-19, --assetsDir, C:\Users\uhhno\.gradle\caches\fabric-loom\assets, --gameDir, ., --fml.fmlVersion, 6.0.4, --fml.mcVersion, 1.21.4, --fml.neoForgeVersion, 21.4.9-beta, --fml.neoFormVersion, 20241203.161809]
[00:33:29] [main/INFO] (Launcher) JVM identified as Amazon.com Inc. OpenJDK 64-Bit Server VM 21.0.5+11-LTS
[00:33:29] [main/INFO] (Launcher) ModLauncher 11.0.4+main.d2e20e43 starting: java version 21.0.5 by Amazon.com Inc.; OS Windows 11 arch amd64 version 10.0
[00:33:29] [main/INFO] (ImmediateWindowHandler) Loading ImmediateWindowProvider fmlearlywindow
[00:33:29] [main/INFO] (EARLYDISPLAY) Trying GL version 4.6
[00:33:29] [main/INFO] (EARLYDISPLAY) Requested GL version 4.6 got version 4.6
[00:33:29] [main/INFO] (mixin) SpongePowered MIXIN Subsystem Version=0.8.7 Source=union:/C:/Users/uhhno/.gradle/caches/modules-2/files-2.1/net.fabricmc/sponge-mixin/0.15.2+mixin.0.8.7/2af2f021d8e02a0220dc27a7a72b4666d66d44ca/sponge-mixin-0.15.2+mixin.0.8.7.jar%23138!/ Service=ModLauncher Env=CLIENT
[00:33:29] [main/INFO] (ModDiscoverer) Found mod file "neoforge-21.4.9-beta-minecraft-merged-1.21.4-loom.mappings.1_21_4.layered+hash.1284229067-v2-neoforge-21.4.9-beta.jar" [locator: neoforge devenv provider ([C:\Users\uhhno\.gradle\caches\fabric-loom\minecraftMaven\net\minecraft\neoforge-21.4.9-beta-minecraft-merged\1.21.4-loom.mappings.1_21_4.layered+hash.1284229067-v2-neoforge-21.4.9-beta\neoforge-21.4.9-beta-minecraft-merged-1.21.4-loom.mappings.1_21_4.layered+hash.1284229067-v2-neoforge-21.4.9-beta.jar])]
[00:33:29] [main/INFO] (ModDiscoverer) Found mod file "neoforge-21.4.9-beta-minecraft-merged-1.21.4-loom.mappings.1_21_4.layered+hash.1284229067-v2-neoforge-21.4.9-beta.jar" [locator: neoforge devenv provider ([C:\Users\uhhno\.gradle\caches\fabric-loom\minecraftMaven\net\minecraft\neoforge-21.4.9-beta-minecraft-merged\1.21.4-loom.mappings.1_21_4.layered+hash.1284229067-v2-neoforge-21.4.9-beta\neoforge-21.4.9-beta-minecraft-merged-1.21.4-loom.mappings.1_21_4.layered+hash.1284229067-v2-neoforge-21.4.9-beta.jar])]
[00:33:29] [main/INFO] (ModDiscoverer) Found mod file "cloth-config-17.0.144-neoforge.jar" [locator: {mods folder locator at C:\Users\uhhno\IdeaProjects\trashs-mooblooms\neoforge\run\mods}, reader: mod manifest]
[00:33:29] [main/INFO] (ModDiscoverer) Found mod file "RoughlyEnoughItems-18.0.800-neoforge.jar" [locator: {mods folder locator at C:\Users\uhhno\IdeaProjects\trashs-mooblooms\neoforge\run\mods}, reader: mod manifest]
[00:33:29] [main/INFO] (ModDiscoverer) Found mod file "main" [locator: userdev mods and services, reader: mod manifest]
[00:33:29] [main/INFO] (ModDiscoverer) Found mod file "neoforge-21.4.9-beta-minecraft-merged-1.21.4-loom.mappings.1_21_4.layered+hash.1284229067-v2-neoforge-21.4.9-beta.jar" [locator: userdev mods and services, reader: mod manifest]
[00:33:29] [main/INFO] (ModDiscoverer) Found mod file "trashlib-2.0-ALPHA-1-neoforge.jar" [locator: userdev mods and services, reader: mod manifest]
[00:33:29] [main/INFO] (ModDiscoverer) Found mod file "architectury-neoforge-15.0.2.jar" [locator: userdev mods and services, reader: mod manifest]
[00:33:29] [main/INFO] (ModDiscoverer) Found mod file "15907729301102124040.jar" [locator: userdev mods and services, reader: mod manifest]
[00:33:29] [pool-5-thread-1/INFO] (EARLYDISPLAY) GL info: AMD Radeon RX 6700 XT GL version 4.6.0 Core Profile Context 24.12.1.241127, ATI Technologies Inc.
[00:33:29] [main/INFO] (ModDiscoverer) Found gamelibrary file "mixinextras-neoforge-0.4.1.jar" [locator: userdev mods and services, reader: mod manifest]
[00:33:29] [main/WARN] (JarSelector) Attempted to select a dependency jar for JarJar which was passed in as source: library:mixinextras.neoforge. Using Mod File: C:\Users\uhhno\.gradle\caches\modules-2\files-2.1\io.github.llamalad7\mixinextras-neoforge\0.4.1\eff97772ecd0dcf8e52cdbafd3b3ccec425f8314\mixinextras-neoforge-0.4.1.jar
[00:33:29] [main/INFO] (JarInJarDependencyLocator) Found 1 dependencies adding them to mods collection
[00:33:29] [main/INFO] (ModDiscoverer) Found library file "net.neoforged.neoforge-coremods-21.4.9-beta.jar" [parent: neoforge-21.4.9-beta-minecraft-merged-1.21.4-loom.mappings.1_21_4.layered+hash.1284229067-v2-neoforge-21.4.9-beta.jar, locator: jarinjar, reader: mod manifest]
[00:33:29] [main/INFO] (ModDiscoverer) 
     Mod List:
		Name Version (Mod Id)

		Architectury 15.0.2 (architectury)
		Cloth Config v17 API 17.0.144 (cloth_config)
		generated_105cb2a 1 (generated_105cb2a)
		Many Mooblooms 1.0.0 (manymooblooms)
		Minecraft 1.21.4 (minecraft)
		NeoForge 21.4.9-beta (neoforge)
		Roughly Enough Items (REI) 18.0.800 (roughlyenoughitems)
		trashlib 2.0-ALPHA-1 (trashlib)
[00:33:29] [main/ERROR] (ModSorter) Missing or unsupported mandatory dependencies:
	Mod ID: 'neoforge', Requested by: 'roughlyenoughitems', Expected range: '[21.4.84-beta,)', Actual version: '21.4.9-beta'
[00:33:30] [main/INFO] (LaunchServiceHandler) Launching target 'neoforgeclientdev' with arguments [--version, 21.4.9-beta, --gameDir, ., --assetsDir, C:\Users\uhhno\.gradle\caches\fabric-loom\assets, --assetIndex, 1.21.4-19]
[00:33:30] [main/INFO] (unprotect) Found 8850 Minecraft classes
[21Mar2025 00:33:31.619] [Datafixer Bootstrap/INFO] [com.mojang.datafixers.DataFixerBuilder/]: 246 Datafixer optimizations took 426 milliseconds
[21Mar2025 00:33:31.731] [main/WARN] [oshi.driver.windows.perfmon.PerfmonDisabled/]: Invalid registry value type detected for PerfOS counters. Should be REG_DWORD. Ignoring: HKEY_LOCAL_MACHINE\SYSTEM\CurrentControlSet\Services\PerfOS\Performance\Disable Performance Counters.
[21Mar2025 00:33:31.758] [pool-9-thread-1/INFO] [MixinExtras|Service/]: Initializing MixinExtras via com.llamalad7.mixinextras.service.MixinExtrasServiceImpl(version=0.4.1).
[21Mar2025 00:33:35.527] [main/WARN] [net.minecraft.server.command.CommandManager/]: Ambiguity between arguments [teleport, location] and [teleport, destination] with inputs: [0.1 -0.5 .9, 0 0 0]
[21Mar2025 00:33:35.528] [main/WARN] [net.minecraft.server.command.CommandManager/]: Ambiguity between arguments [teleport, location] and [teleport, targets] with inputs: [0.1 -0.5 .9, 0 0 0]
[21Mar2025 00:33:35.530] [main/WARN] [net.minecraft.server.command.CommandManager/]: Ambiguity between arguments [teleport, destination] and [teleport, targets] with inputs: [Player, 0123, @e, dd12be42-52a9-4a91-a8a1-11c01849e498]
[21Mar2025 00:33:35.530] [main/WARN] [net.minecraft.server.command.CommandManager/]: Ambiguity between arguments [teleport, targets] and [teleport, destination] with inputs: [Player, 0123, dd12be42-52a9-4a91-a8a1-11c01849e498]
[21Mar2025 00:33:35.531] [main/WARN] [net.minecraft.server.command.CommandManager/]: Ambiguity between arguments [teleport, targets, location] and [teleport, targets, destination] with inputs: [0.1 -0.5 .9, 0 0 0]
[21Mar2025 00:33:35.623] [Render thread/WARN] [net.minecraft.resource.DefaultResourcePackBuilder/]: Assets URL 'union:/C:/Users/uhhno/.gradle/caches/fabric-loom/minecraftMaven/net/minecraft/neoforge-21.4.9-beta-minecraft-merged/1.21.4-loom.mappings.1_21_4.layered+hash.1284229067-v2-neoforge-21.4.9-beta/neoforge-21.4.9-beta-minecraft-merged-1.21.4-loom.mappings.1_21_4.layered+hash.1284229067-v2-neoforge-21.4.9-beta.jar%23226!/assets/.mcassetsroot' uses unexpected schema
[21Mar2025 00:33:35.623] [Render thread/WARN] [net.minecraft.resource.DefaultResourcePackBuilder/]: Assets URL 'union:/C:/Users/uhhno/.gradle/caches/fabric-loom/minecraftMaven/net/minecraft/neoforge-21.4.9-beta-minecraft-merged/1.21.4-loom.mappings.1_21_4.layered+hash.1284229067-v2-neoforge-21.4.9-beta/neoforge-21.4.9-beta-minecraft-merged-1.21.4-loom.mappings.1_21_4.layered+hash.1284229067-v2-neoforge-21.4.9-beta.jar%23226!/data/.mcassetsroot' uses unexpected schema
[21Mar2025 00:33:35.642] [Render thread/INFO] [com.mojang.authlib.yggdrasil.YggdrasilAuthenticationService/]: Environment: Environment[sessionHost=https://sessionserver.mojang.com, servicesHost=https://api.minecraftservices.com, name=PROD]
[21Mar2025 00:33:35.649] [Render thread/INFO] [net.minecraft.client.MinecraftClient/]: Setting user: Dev
[21Mar2025 00:33:35.707] [Render thread/INFO] [net.minecraft.client.MinecraftClient/]: Backend library: LWJGL version 3.3.3+5
[21Mar2025 00:33:35.834] [Render thread/FATAL] [net.neoforged.fml.ModLoader/CORE]: Error during pre-loading phase: Mod roughlyenoughitems requires neoforge 21.4.84-beta or above
Currently, neoforge is 21.4.9-beta

[21Mar2025 00:33:35.918] [Render thread/ERROR] [net.neoforged.fml.ModLoader/]: Cowardly refusing to send event net.neoforged.neoforge.client.event.RegisterItemModelsEvent to a broken mod state
[21Mar2025 00:33:35.918] [Render thread/ERROR] [net.neoforged.fml.ModLoader/]: Cowardly refusing to send event net.neoforged.neoforge.client.event.RegisterSpecialModelRendererEvent to a broken mod state
[21Mar2025 00:33:35.922] [Render thread/ERROR] [net.neoforged.fml.ModLoader/]: Cowardly refusing to send event net.neoforged.neoforge.client.event.RegisterColorHandlersEvent$ItemTintSources to a broken mod state
[21Mar2025 00:33:35.935] [Render thread/ERROR] [net.neoforged.fml.ModLoader/]: Cowardly refusing to send event net.neoforged.neoforge.client.event.RegisterSelectItemModelPropertyEvent to a broken mod state
[21Mar2025 00:33:35.938] [Render thread/ERROR] [net.neoforged.fml.ModLoader/]: Cowardly refusing to send event net.neoforged.neoforge.client.event.RegisterConditionalItemModelPropertyEvent to a broken mod state
[21Mar2025 00:33:35.945] [Render thread/ERROR] [net.neoforged.fml.ModLoader/]: Cowardly refusing to send event net.neoforged.neoforge.client.event.RegisterRangeSelectItemModelPropertyEvent to a broken mod state
[21Mar2025 00:33:36.012] [Render thread/ERROR] [net.neoforged.fml.ModLoader/]: Cowardly refusing to send event net.neoforged.neoforge.client.event.sound.SoundEngineLoadEvent to a broken mod state
[21Mar2025 00:33:36.044] [Render thread/ERROR] [net.neoforged.fml.ModLoader/]: Cowardly refusing to send event net.neoforged.neoforge.client.event.RegisterColorHandlersEvent$Block to a broken mod state
[21Mar2025 00:33:36.047] [Render thread/ERROR] [net.neoforged.fml.ModLoader/]: Cowardly refusing to send event net.neoforged.neoforge.client.event.RegisterMaterialAtlasesEvent to a broken mod state
[21Mar2025 00:33:36.059] [Render thread/ERROR] [net.neoforged.fml.ModLoader/]: Cowardly refusing to send event net.neoforged.neoforge.client.event.RegisterRenderBuffersEvent to a broken mod state
[21Mar2025 00:33:36.111] [Render thread/ERROR] [net.neoforged.fml.ModLoader/]: Cowardly refusing to send event net.neoforged.neoforge.client.event.RegisterParticleProvidersEvent to a broken mod state
[21Mar2025 00:33:36.136] [Render thread/ERROR] [net.neoforged.fml.ModLoader/]: Cowardly refusing to send event net.neoforged.neoforge.client.event.RenderLevelStageEvent$RegisterStageEvent to a broken mod state
[21Mar2025 00:33:36.172] [Render thread/ERROR] [net.neoforged.fml.ModLoader/]: Cowardly refusing to send event net.neoforged.neoforge.client.extensions.common.RegisterClientExtensionsEvent to a broken mod state
[21Mar2025 00:33:36.172] [Render thread/ERROR] [net.neoforged.fml.ModLoader/]: Cowardly refusing to send event net.neoforged.neoforge.client.event.RegisterSpriteSourceTypesEvent to a broken mod state
[21Mar2025 00:33:36.188] [Render thread/ERROR] [net.neoforged.fml.ModLoader/]: Cowardly refusing to send event net.neoforged.neoforge.client.event.RegisterMenuScreensEvent to a broken mod state
[21Mar2025 00:33:36.188] [Render thread/ERROR] [net.neoforged.fml.ModLoader/]: Cowardly refusing to send event net.neoforged.neoforge.client.event.RegisterClientReloadListenersEvent to a broken mod state
[21Mar2025 00:33:36.188] [Render thread/ERROR] [net.neoforged.fml.ModLoader/]: Cowardly refusing to send event net.neoforged.neoforge.client.event.EntityRenderersEvent$RegisterLayerDefinitions to a broken mod state
[21Mar2025 00:33:36.188] [Render thread/ERROR] [net.neoforged.fml.ModLoader/]: Cowardly refusing to send event net.neoforged.neoforge.client.event.EntityRenderersEvent$RegisterRenderers to a broken mod state
[21Mar2025 00:33:36.188] [Render thread/ERROR] [net.neoforged.fml.ModLoader/]: Cowardly refusing to send event net.neoforged.neoforge.client.renderstate.RegisterRenderStateModifiersEvent to a broken mod state
[21Mar2025 00:33:36.188] [Render thread/ERROR] [net.neoforged.fml.ModLoader/]: Cowardly refusing to send event net.neoforged.neoforge.client.event.RegisterClientTooltipComponentFactoriesEvent to a broken mod state
[21Mar2025 00:33:36.189] [Render thread/ERROR] [net.neoforged.fml.ModLoader/]: Cowardly refusing to send event net.neoforged.neoforge.client.event.RegisterEntitySpectatorShadersEvent to a broken mod state
[21Mar2025 00:33:36.189] [Render thread/ERROR] [net.neoforged.fml.ModLoader/]: Cowardly refusing to send event net.neoforged.neoforge.client.event.RegisterKeyMappingsEvent to a broken mod state
[21Mar2025 00:33:36.189] [Render thread/ERROR] [net.neoforged.fml.ModLoader/]: Cowardly refusing to send event net.neoforged.neoforge.client.event.RegisterRecipeBookSearchCategoriesEvent to a broken mod state
[21Mar2025 00:33:36.189] [Render thread/ERROR] [net.neoforged.fml.ModLoader/]: Cowardly refusing to send event net.neoforged.neoforge.client.event.RegisterGuiLayersEvent to a broken mod state
[21Mar2025 00:33:36.191] [Render thread/ERROR] [net.neoforged.fml.ModLoader/]: Cowardly refusing to send event net.neoforged.neoforge.client.event.RegisterDimensionSpecialEffectsEvent to a broken mod state
[21Mar2025 00:33:36.191] [Render thread/ERROR] [net.neoforged.fml.ModLoader/]: Cowardly refusing to send event net.neoforged.neoforge.client.event.RegisterNamedRenderTypesEvent to a broken mod state
[21Mar2025 00:33:36.192] [Render thread/ERROR] [net.neoforged.fml.ModLoader/]: Cowardly refusing to send event net.neoforged.neoforge.client.event.RegisterColorHandlersEvent$ColorResolvers to a broken mod state
[21Mar2025 00:33:36.192] [Render thread/ERROR] [net.neoforged.fml.ModLoader/]: Cowardly refusing to send event net.neoforged.neoforge.client.event.RegisterItemDecorationsEvent to a broken mod state
[21Mar2025 00:33:36.197] [Render thread/ERROR] [net.neoforged.fml.ModLoader/]: Cowardly refusing to send event net.neoforged.neoforge.client.event.RegisterPresetEditorsEvent to a broken mod state
[21Mar2025 00:33:36.198] [Render thread/ERROR] [net.neoforged.fml.ModLoader/]: Cowardly refusing to send event net.neoforged.neoforge.client.gui.map.RegisterMapDecorationRenderersEvent to a broken mod state
[21Mar2025 00:33:36.198] [Render thread/ERROR] [net.neoforged.fml.ModLoader/]: Cowardly refusing to send event net.neoforged.neoforge.client.event.RegisterDimensionTransitionScreenEvent to a broken mod state
[21Mar2025 00:33:36.205] [Render thread/ERROR] [net.neoforged.fml.ModLoader/]: Cowardly refusing to send event net.neoforged.neoforge.client.event.RegisterJsonAnimationTypesEvent to a broken mod state
[21Mar2025 00:33:36.205] [Render thread/ERROR] [net.neoforged.fml.ModLoader/]: Cowardly refusing to send event net.neoforged.neoforge.client.event.RegisterShadersEvent to a broken mod state
[21Mar2025 00:33:36.255] [Render thread/INFO] [net.minecraft.resource.ReloadableResourceManagerImpl/]: Reloading ResourceManager: vanilla
[21Mar2025 00:33:36.274] [Render thread/ERROR] [net.neoforged.fml.ModLoader/]: Cowardly refusing to send event net.neoforged.neoforge.client.event.ModelEvent$RegisterLoaders to a broken mod state
[21Mar2025 00:33:36.300] [resourceLoad/INFO] [net.minecraft.client.font.UnihexFont/]: Found unifont_jp_patch-16.0.01.hex, loading
[21Mar2025 00:33:36.300] [resourceLoad/INFO] [net.minecraft.client.font.UnihexFont/]: Found unifont_all_no_pua-16.0.01.hex, loading
[21Mar2025 00:33:36.748] [resourceLoad/ERROR] [net.neoforged.fml.ModLoader/]: Cowardly refusing to send event net.neoforged.neoforge.client.event.ModelEvent$RegisterAdditional to a broken mod state
[21Mar2025 00:33:37.185] [resourceLoad/ERROR] [net.neoforged.fml.ModLoader/]: Cowardly refusing to send event net.neoforged.neoforge.client.event.ModelEvent$ModifyBakingResult to a broken mod state
[21Mar2025 00:33:37.346] [Render thread/INFO] [net.minecraft.client.sound.SoundEngine/]: OpenAL initialized on device OpenAL Soft on Headset Earphone (CORSAIR HS80 RGB Wireless Gaming Headset)
[21Mar2025 00:33:37.347] [Render thread/INFO] [net.minecraft.client.sound.SoundSystem/SOUNDS]: Sound engine started
[21Mar2025 00:33:37.347] [Render thread/ERROR] [net.neoforged.fml.ModLoader/]: Cowardly refusing to send event net.neoforged.neoforge.client.event.sound.SoundEngineLoadEvent to a broken mod state
[21Mar2025 00:33:37.440] [Render thread/INFO] [net.minecraft.client.texture.SpriteAtlasTexture/]: Created: 1024x512x4 minecraft:textures/atlas/blocks.png-atlas
[21Mar2025 00:33:37.447] [Render thread/ERROR] [net.neoforged.fml.ModLoader/]: Cowardly refusing to send event net.neoforged.neoforge.client.event.TextureAtlasStitchedEvent to a broken mod state
[21Mar2025 00:33:37.449] [Render thread/INFO] [net.minecraft.client.texture.SpriteAtlasTexture/]: Created: 256x256x4 minecraft:textures/atlas/signs.png-atlas
[21Mar2025 00:33:37.449] [Render thread/ERROR] [net.neoforged.fml.ModLoader/]: Cowardly refusing to send event net.neoforged.neoforge.client.event.TextureAtlasStitchedEvent to a broken mod state
[21Mar2025 00:33:37.449] [Render thread/INFO] [net.minecraft.client.texture.SpriteAtlasTexture/]: Created: 512x512x4 minecraft:textures/atlas/shield_patterns.png-atlas
[21Mar2025 00:33:37.449] [Render thread/ERROR] [net.neoforged.fml.ModLoader/]: Cowardly refusing to send event net.neoforged.neoforge.client.event.TextureAtlasStitchedEvent to a broken mod state
[21Mar2025 00:33:37.449] [Render thread/INFO] [net.minecraft.client.texture.SpriteAtlasTexture/]: Created: 512x512x4 minecraft:textures/atlas/banner_patterns.png-atlas
[21Mar2025 00:33:37.450] [Render thread/ERROR] [net.neoforged.fml.ModLoader/]: Cowardly refusing to send event net.neoforged.neoforge.client.event.TextureAtlasStitchedEvent to a broken mod state
[21Mar2025 00:33:37.450] [Render thread/INFO] [net.minecraft.client.texture.SpriteAtlasTexture/]: Created: 2048x1024x4 minecraft:textures/atlas/armor_trims.png-atlas
[21Mar2025 00:33:37.453] [Render thread/ERROR] [net.neoforged.fml.ModLoader/]: Cowardly refusing to send event net.neoforged.neoforge.client.event.TextureAtlasStitchedEvent to a broken mod state
[21Mar2025 00:33:37.454] [Render thread/INFO] [net.minecraft.client.texture.SpriteAtlasTexture/]: Created: 128x64x4 minecraft:textures/atlas/decorated_pot.png-atlas
[21Mar2025 00:33:37.454] [Render thread/ERROR] [net.neoforged.fml.ModLoader/]: Cowardly refusing to send event net.neoforged.neoforge.client.event.TextureAtlasStitchedEvent to a broken mod state
[21Mar2025 00:33:37.454] [Render thread/INFO] [net.minecraft.client.texture.SpriteAtlasTexture/]: Created: 256x256x4 minecraft:textures/atlas/chest.png-atlas
[21Mar2025 00:33:37.454] [Render thread/ERROR] [net.neoforged.fml.ModLoader/]: Cowardly refusing to send event net.neoforged.neoforge.client.event.TextureAtlasStitchedEvent to a broken mod state
[21Mar2025 00:33:37.454] [Render thread/INFO] [net.minecraft.client.texture.SpriteAtlasTexture/]: Created: 512x256x4 minecraft:textures/atlas/shulker_boxes.png-atlas
[21Mar2025 00:33:37.454] [Render thread/ERROR] [net.neoforged.fml.ModLoader/]: Cowardly refusing to send event net.neoforged.neoforge.client.event.TextureAtlasStitchedEvent to a broken mod state
[21Mar2025 00:33:37.454] [Render thread/INFO] [net.minecraft.client.texture.SpriteAtlasTexture/]: Created: 512x256x4 minecraft:textures/atlas/beds.png-atlas
[21Mar2025 00:33:37.454] [Render thread/ERROR] [net.neoforged.fml.ModLoader/]: Cowardly refusing to send event net.neoforged.neoforge.client.event.TextureAtlasStitchedEvent to a broken mod state
[21Mar2025 00:33:37.454] [Render thread/ERROR] [net.neoforged.fml.ModLoader/]: Cowardly refusing to send event net.neoforged.neoforge.client.event.ModelEvent$BakingCompleted to a broken mod state
[21Mar2025 00:33:37.455] [Render thread/INFO] [net.minecraft.client.texture.SpriteAtlasTexture/]: Created: 64x64x0 minecraft:textures/atlas/map_decorations.png-atlas
[21Mar2025 00:33:37.455] [Render thread/ERROR] [net.neoforged.fml.ModLoader/]: Cowardly refusing to send event net.neoforged.neoforge.client.event.TextureAtlasStitchedEvent to a broken mod state
[21Mar2025 00:33:37.616] [Render thread/ERROR] [net.neoforged.fml.ModLoader/]: Cowardly refusing to send event net.neoforged.neoforge.client.event.EntityRenderersEvent$AddLayers to a broken mod state
[21Mar2025 00:33:37.628] [Render thread/INFO] [net.minecraft.client.texture.SpriteAtlasTexture/]: Created: 512x256x0 minecraft:textures/atlas/particles.png-atlas
[21Mar2025 00:33:37.628] [Render thread/ERROR] [net.neoforged.fml.ModLoader/]: Cowardly refusing to send event net.neoforged.neoforge.client.event.TextureAtlasStitchedEvent to a broken mod state
[21Mar2025 00:33:37.629] [Render thread/INFO] [net.minecraft.client.texture.SpriteAtlasTexture/]: Created: 512x256x0 minecraft:textures/atlas/paintings.png-atlas
[21Mar2025 00:33:37.629] [Render thread/ERROR] [net.neoforged.fml.ModLoader/]: Cowardly refusing to send event net.neoforged.neoforge.client.event.TextureAtlasStitchedEvent to a broken mod state
[21Mar2025 00:33:37.629] [Render thread/INFO] [net.minecraft.client.texture.SpriteAtlasTexture/]: Created: 256x128x0 minecraft:textures/atlas/mob_effects.png-atlas
[21Mar2025 00:33:37.629] [Render thread/ERROR] [net.neoforged.fml.ModLoader/]: Cowardly refusing to send event net.neoforged.neoforge.client.event.TextureAtlasStitchedEvent to a broken mod state
[21Mar2025 00:33:37.629] [Render thread/INFO] [net.minecraft.client.texture.SpriteAtlasTexture/]: Created: 1024x512x0 minecraft:textures/atlas/gui.png-atlas
[21Mar2025 00:33:37.630] [Render thread/ERROR] [net.neoforged.fml.ModLoader/]: Cowardly refusing to send event net.neoforged.neoforge.client.event.TextureAtlasStitchedEvent to a broken mod state
[21Mar2025 00:33:37.742] [Render thread/ERROR] [net.minecraft.util.crash.CrashReport/]: Negative index in crash report handler (0/30)
[21Mar2025 00:33:37.750] [Render thread/FATAL] [net.neoforged.neoforge.client.loading.ClientModLoader/]: Crash report saved to .\crash-reports\crash-2025-03-21_00.33.37-fml.txt
[21Mar2025 00:34:10.730] [Render thread/INFO] [net.minecraft.client.MinecraftClient/]: Stopping!
