[Architectury Transformer] Architectury Runtime 5.2.87
[Architectury Transformer DEBUG] Closed File Systems for C:\Users\uhhno\IdeaProjects\trashs-mooblooms\common\build\devlibs\manymooblooms-common-1.0.0-dev.jar
[Architectury Transformer DEBUG] Preparing tiny remapper prepared transformer: dev.architectury.transformer.handler.TinyRemapperPreparedTransformerHandler
[Architectury Transformer DEBUG] Provided 123 classpath jar(s):
[Architectury Transformer DEBUG]  - C:\Users\uhhno\.gradle\caches\modules-2\files-2.1\dev.architectury\architectury-injectables\1.0.10\62db2a366d662606d1b23ad02ccc3212ed37ec3\architectury-injectables-1.0.10.jar
[Architectury Transformer DEBUG]  - C:\Users\uhhno\.gradle\caches\modules-2\files-2.1\net.fabricmc\fabric-loader\0.16.10\dbd932c2a3641d2c41cf9abfe47e140a5753fa86\fabric-loader-0.16.10.jar
[Architectury Transformer DEBUG]  - C:\Users\uhhno\.gradle\caches\modules-2\files-2.1\org.jetbrains\annotations\24.1.0\7af6a669488450c4a07c2c3254e2151df42d7d04\annotations-24.1.0.jar
[Architectury Transformer DEBUG]  - C:\Users\uhhno\.gradle\caches\modules-2\files-2.1\org.ow2.asm\asm\9.7.1\f0ed132a49244b042cd0e15702ab9f2ce3cc8436\asm-9.7.1.jar
[Architectury Transformer DEBUG]  - C:\Users\uhhno\.gradle\caches\modules-2\files-2.1\org.ow2.asm\asm-analysis\9.7.1\f97a3b319f0ed6a8cd944dc79060d3912a28985f\asm-analysis-9.7.1.jar
[Architectury Transformer DEBUG]  - C:\Users\uhhno\.gradle\caches\modules-2\files-2.1\org.ow2.asm\asm-commons\9.7.1\406c6a2225cfe1819f102a161e54cc16a5c24f75\asm-commons-9.7.1.jar
[Architectury Transformer DEBUG]  - C:\Users\uhhno\.gradle\caches\modules-2\files-2.1\org.ow2.asm\asm-tree\9.7.1\3a53139787663b139de76b627fca0084ab60d32c\asm-tree-9.7.1.jar
[Architectury Transformer DEBUG]  - C:\Users\uhhno\.gradle\caches\modules-2\files-2.1\org.ow2.asm\asm-util\9.7.1\9e23359b598ec6b74b23e53110dd5c577adf2243\asm-util-9.7.1.jar
[Architectury Transformer DEBUG]  - C:\Users\uhhno\.gradle\caches\modules-2\files-2.1\net.fabricmc\sponge-mixin\0.15.4+mixin.0.8.7\6a12aacc794f1078458433116e9ed42c1cc98096\sponge-mixin-0.15.4+mixin.0.8.7.jar
[Architectury Transformer DEBUG]  - C:\Users\uhhno\.gradle\caches\modules-2\files-2.1\io.github.llamalad7\mixinextras-fabric\0.4.1\8d1a9e96afb990367fa1f904d17580d164da72e3\mixinextras-fabric-0.4.1.jar
[Architectury Transformer DEBUG]  - C:\Users\uhhno\.gradle\caches\modules-2\files-2.1\com.fasterxml.jackson.core\jackson-annotations\2.13.4\858c6cc78e1f08a885b1613e1d817c829df70a6e\jackson-annotations-2.13.4.jar
[Architectury Transformer DEBUG]  - C:\Users\uhhno\.gradle\caches\modules-2\files-2.1\com.fasterxml.jackson.core\jackson-core\2.13.4\cf934c681294b97ef6d80082faeefbe1edadf56\jackson-core-2.13.4.jar
[Architectury Transformer DEBUG]  - C:\Users\uhhno\.gradle\caches\modules-2\files-2.1\com.fasterxml.jackson.core\jackson-databind\2.13.4.2\325c06bdfeb628cfb80ebaaf1a26cc1eb558a585\jackson-databind-2.13.4.2.jar
[Architectury Transformer DEBUG]  - C:\Users\uhhno\.gradle\caches\modules-2\files-2.1\com.github.oshi\oshi-core\6.6.5\e1099981fd15dc4236c4499d82aba1276fb43a9a\oshi-core-6.6.5.jar
[Architectury Transformer DEBUG]  - C:\Users\uhhno\.gradle\caches\modules-2\files-2.1\com.github.stephenc.jcip\jcip-annotations\1.0-1\ef31541dd28ae2cefdd17c7ebf352d93e9058c63\jcip-annotations-1.0-1.jar
[Architectury Transformer DEBUG]  - C:\Users\uhhno\.gradle\caches\modules-2\files-2.1\com.google.code.gson\gson\2.11.0\527175ca6d81050b53bdd4c457a6d6e017626b0e\gson-2.11.0.jar
[Architectury Transformer DEBUG]  - C:\Users\uhhno\.gradle\caches\modules-2\files-2.1\com.google.guava\failureaccess\1.0.2\c4a06a64e650562f30b7bf9aaec1bfed43aca12b\failureaccess-1.0.2.jar
[Architectury Transformer DEBUG]  - C:\Users\uhhno\.gradle\caches\modules-2\files-2.1\com.google.guava\guava\33.3.1-jre\852f8b363da0111e819460021ca693cacca3e8db\guava-33.3.1-jre.jar
[Architectury Transformer DEBUG]  - C:\Users\uhhno\.gradle\caches\modules-2\files-2.1\com.ibm.icu\icu4j\76.1\215f3a8e936d4069344bd75f2b1368fd58112894\icu4j-76.1.jar
[Architectury Transformer DEBUG]  - C:\Users\uhhno\.gradle\caches\modules-2\files-2.1\com.microsoft.azure\msal4j\1.17.2\a6211e3d71d0388929babaa0ff0951b30d001852\msal4j-1.17.2.jar
[Architectury Transformer DEBUG]  - C:\Users\uhhno\.gradle\caches\modules-2\files-2.1\com.mojang\authlib\6.0.57\bded3161a7346de32213da750388ec6529fe4f6b\authlib-6.0.57.jar
[Architectury Transformer DEBUG]  - C:\Users\uhhno\.gradle\caches\modules-2\files-2.1\com.mojang\blocklist\1.0.10\5c685c5ffa94c4cd39496c7184c1d122e515ecef\blocklist-1.0.10.jar
[Architectury Transformer DEBUG]  - C:\Users\uhhno\.gradle\caches\modules-2\files-2.1\com.mojang\brigadier\1.3.10\d15b53a14cf20fdcaa98f731af5dda654452c010\brigadier-1.3.10.jar
[Architectury Transformer DEBUG]  - C:\Users\uhhno\.gradle\caches\modules-2\files-2.1\com.mojang\datafixerupper\8.0.16\67d4de6d7f95d89bcf5862995fb854ebaec02a34\datafixerupper-8.0.16.jar
[Architectury Transformer DEBUG]  - C:\Users\uhhno\.gradle\caches\modules-2\files-2.1\com.mojang\jtracy\1.0.29\6f07dcb6a2e595c7ee2ca43b67e5d1c018ca0770\jtracy-1.0.29.jar
[Architectury Transformer DEBUG]  - C:\Users\uhhno\.gradle\caches\modules-2\files-2.1\com.mojang\logging\1.5.10\9ab1202793717af9df9c1704d0a02892067001eb\logging-1.5.10.jar
[Architectury Transformer DEBUG]  - C:\Users\uhhno\.gradle\caches\modules-2\files-2.1\com.mojang\patchy\2.2.10\da05971b07cbb379d002cf7eaec6a2048211fefc\patchy-2.2.10.jar
[Architectury Transformer DEBUG]  - C:\Users\uhhno\.gradle\caches\modules-2\files-2.1\com.mojang\text2speech\1.17.9\3cad216e3a7f0c19b4b394388bc9ffc446f13b14\text2speech-1.17.9.jar
[Architectury Transformer DEBUG]  - C:\Users\uhhno\.gradle\caches\modules-2\files-2.1\com.nimbusds\content-type\2.3\e3aa0be212d7a42839a8f3f506f5b990bcce0222\content-type-2.3.jar
[Architectury Transformer DEBUG]  - C:\Users\uhhno\.gradle\caches\modules-2\files-2.1\com.nimbusds\lang-tag\1.7\97c73ecd70bc7e8eefb26c5eea84f251a63f1031\lang-tag-1.7.jar
[Architectury Transformer DEBUG]  - C:\Users\uhhno\.gradle\caches\modules-2\files-2.1\com.nimbusds\nimbus-jose-jwt\9.40\42b1dfa0360e4062951b070bac52dd8d96fd7b38\nimbus-jose-jwt-9.40.jar
[Architectury Transformer DEBUG]  - C:\Users\uhhno\.gradle\caches\modules-2\files-2.1\com.nimbusds\oauth2-oidc-sdk\11.18\7c7ec4f4066625ff07a711ad856fa04da1ff9de\oauth2-oidc-sdk-11.18.jar
[Architectury Transformer DEBUG]  - C:\Users\uhhno\.gradle\caches\modules-2\files-2.1\commons-codec\commons-codec\1.17.1\973638b7149d333563584137ebf13a691bb60579\commons-codec-1.17.1.jar
[Architectury Transformer DEBUG]  - C:\Users\uhhno\.gradle\caches\modules-2\files-2.1\commons-io\commons-io\2.17.0\ddcc8433eb019fb48fe25207c0278143f3e1d7e2\commons-io-2.17.0.jar
[Architectury Transformer DEBUG]  - C:\Users\uhhno\.gradle\caches\modules-2\files-2.1\commons-logging\commons-logging\1.3.4\b9fc14968d63a8b8a8a2c1885fe3e90564239708\commons-logging-1.3.4.jar
[Architectury Transformer DEBUG]  - C:\Users\uhhno\.gradle\caches\modules-2\files-2.1\io.netty\netty-buffer\4.1.115.Final\d5daf1030e5c36d198caf7562da2441a97ec0df6\netty-buffer-4.1.115.Final.jar
[Architectury Transformer DEBUG]  - C:\Users\uhhno\.gradle\caches\modules-2\files-2.1\io.netty\netty-codec\4.1.115.Final\d326bf3a4c785b272da3db6941779a1bd5448378\netty-codec-4.1.115.Final.jar
[Architectury Transformer DEBUG]  - C:\Users\uhhno\.gradle\caches\modules-2\files-2.1\io.netty\netty-common\4.1.115.Final\9da10a9f72e3f87e181d91b525174007a6fc4f11\netty-common-4.1.115.Final.jar
[Architectury Transformer DEBUG]  - C:\Users\uhhno\.gradle\caches\modules-2\files-2.1\io.netty\netty-handler\4.1.115.Final\d54dbf68b9d88a98240107758c6b63da5e46e23a\netty-handler-4.1.115.Final.jar
[Architectury Transformer DEBUG]  - C:\Users\uhhno\.gradle\caches\modules-2\files-2.1\io.netty\netty-resolver\4.1.115.Final\e33b4d476c03975957f5d8d0319d592bf2bc5e96\netty-resolver-4.1.115.Final.jar
[Architectury Transformer DEBUG]  - C:\Users\uhhno\.gradle\caches\modules-2\files-2.1\io.netty\netty-transport-classes-epoll\4.1.115.Final\11fea00408ecbd8b8d1f0698d708e37db4a01841\netty-transport-classes-epoll-4.1.115.Final.jar
[Architectury Transformer DEBUG]  - C:\Users\uhhno\.gradle\caches\modules-2\files-2.1\io.netty\netty-transport-native-unix-common\4.1.115.Final\dc96c67d06cd6b5eb677f2728f27bf2e3d9a7284\netty-transport-native-unix-common-4.1.115.Final.jar
[Architectury Transformer DEBUG]  - C:\Users\uhhno\.gradle\caches\modules-2\files-2.1\io.netty\netty-transport\4.1.115.Final\39cef77c1a25908ac1abf4960c2e789f0bf70ff9\netty-transport-4.1.115.Final.jar
[Architectury Transformer DEBUG]  - C:\Users\uhhno\.gradle\caches\modules-2\files-2.1\it.unimi.dsi\fastutil\8.5.15\1e885b40c9563ab0d3899b871fd0b30e958705dc\fastutil-8.5.15.jar
[Architectury Transformer DEBUG]  - C:\Users\uhhno\.gradle\caches\modules-2\files-2.1\net.java.dev.jna\jna-platform\5.15.0\86b502cad57d45da172b5e3231c537b042e296ef\jna-platform-5.15.0.jar
[Architectury Transformer DEBUG]  - C:\Users\uhhno\.gradle\caches\modules-2\files-2.1\net.java.dev.jna\jna\5.15.0\1ee1d80ff44f08280188f7c0e740d57207841ac\jna-5.15.0.jar
[Architectury Transformer DEBUG]  - C:\Users\uhhno\.gradle\caches\modules-2\files-2.1\net.minidev\accessors-smart\2.5.1\19b820261eb2e7de7d5bde11d1c06e4501dd7e5f\accessors-smart-2.5.1.jar
[Architectury Transformer DEBUG]  - C:\Users\uhhno\.gradle\caches\modules-2\files-2.1\net.minidev\json-smart\2.5.1\4c11d2808d009132dfbbf947ebf37de6bf266c8e\json-smart-2.5.1.jar
[Architectury Transformer DEBUG]  - C:\Users\uhhno\.gradle\caches\modules-2\files-2.1\net.sf.jopt-simple\jopt-simple\5.0.4\4fdac2fbe92dfad86aa6e9301736f6b4342a3f5c\jopt-simple-5.0.4.jar
[Architectury Transformer DEBUG]  - C:\Users\uhhno\.gradle\caches\modules-2\files-2.1\org.apache.commons\commons-compress\1.27.1\a19151084758e2fbb6b41eddaa88e7b8ff4e6599\commons-compress-1.27.1.jar
[Architectury Transformer DEBUG]  - C:\Users\uhhno\.gradle\caches\modules-2\files-2.1\org.apache.commons\commons-lang3\3.17.0\b17d2136f0460dcc0d2016ceefca8723bdf4ee70\commons-lang3-3.17.0.jar
[Architectury Transformer DEBUG]  - C:\Users\uhhno\.gradle\caches\modules-2\files-2.1\org.apache.httpcomponents\httpclient\4.5.14\1194890e6f56ec29177673f2f12d0b8e627dec98\httpclient-4.5.14.jar
[Architectury Transformer DEBUG]  - C:\Users\uhhno\.gradle\caches\modules-2\files-2.1\org.apache.httpcomponents\httpcore\4.4.16\51cf043c87253c9f58b539c9f7e44c8894223850\httpcore-4.4.16.jar
[Architectury Transformer DEBUG]  - C:\Users\uhhno\.gradle\caches\modules-2\files-2.1\org.apache.logging.log4j\log4j-api\2.24.1\7ebeb12c20606373005af4232cd0ecca72613dda\log4j-api-2.24.1.jar
[Architectury Transformer DEBUG]  - C:\Users\uhhno\.gradle\caches\modules-2\files-2.1\org.apache.logging.log4j\log4j-core\2.24.1\c85285146f28d8c8962384f786e2dff04172fb43\log4j-core-2.24.1.jar
[Architectury Transformer DEBUG]  - C:\Users\uhhno\.gradle\caches\modules-2\files-2.1\org.apache.logging.log4j\log4j-slf4j2-impl\2.24.1\8e3ddc96464ef7f768823e7e001a52b23de8cd0a\log4j-slf4j2-impl-2.24.1.jar
[Architectury Transformer DEBUG]  - C:\Users\uhhno\.gradle\caches\modules-2\files-2.1\org.jcraft\jorbis\0.0.17\8872d22b293e8f5d7d56ff92be966e6dc28ebdc6\jorbis-0.0.17.jar
[Architectury Transformer DEBUG]  - C:\Users\uhhno\.gradle\caches\modules-2\files-2.1\org.joml\joml\1.10.8\fc0a71dad90a2cf41d82a76156a0e700af8e4f8d\joml-1.10.8.jar
[Architectury Transformer DEBUG]  - C:\Users\uhhno\.gradle\caches\modules-2\files-2.1\org.lwjgl\lwjgl-freetype\3.3.3\a0db6c84a8becc8ca05f9dbfa985edc348a824c7\lwjgl-freetype-3.3.3.jar
[Architectury Transformer DEBUG]  - C:\Users\uhhno\.gradle\caches\modules-2\files-2.1\org.lwjgl\lwjgl-glfw\3.3.3\efa1eb78c5ccd840e9f329717109b5e892d72f8e\lwjgl-glfw-3.3.3.jar
[Architectury Transformer DEBUG]  - C:\Users\uhhno\.gradle\caches\modules-2\files-2.1\org.lwjgl\lwjgl-jemalloc\3.3.3\b543467b7ff3c6920539a88ee602d34098628be5\lwjgl-jemalloc-3.3.3.jar
[Architectury Transformer DEBUG]  - C:\Users\uhhno\.gradle\caches\modules-2\files-2.1\org.lwjgl\lwjgl-openal\3.3.3\daada81ceb5fc0c291fbfdd4433cb8d9423577f2\lwjgl-openal-3.3.3.jar
[Architectury Transformer DEBUG]  - C:\Users\uhhno\.gradle\caches\modules-2\files-2.1\org.lwjgl\lwjgl-opengl\3.3.3\2f6b0147078396a58979125a4c947664e98293a\lwjgl-opengl-3.3.3.jar
[Architectury Transformer DEBUG]  - C:\Users\uhhno\.gradle\caches\modules-2\files-2.1\org.lwjgl\lwjgl-stb\3.3.3\25dd6161988d7e65f71d5065c99902402ee32746\lwjgl-stb-3.3.3.jar
[Architectury Transformer DEBUG]  - C:\Users\uhhno\.gradle\caches\modules-2\files-2.1\org.lwjgl\lwjgl-tinyfd\3.3.3\82d755ca94b102e9ca77283b9e2dc46d1b15fbe5\lwjgl-tinyfd-3.3.3.jar
[Architectury Transformer DEBUG]  - C:\Users\uhhno\.gradle\caches\modules-2\files-2.1\org.lwjgl\lwjgl\3.3.3\29589b5f87ed335a6c7e7ee6a5775f81f97ecb84\lwjgl-3.3.3.jar
[Architectury Transformer DEBUG]  - C:\Users\uhhno\.gradle\caches\modules-2\files-2.1\org.lz4\lz4-java\1.8.0\4b986a99445e49ea5fbf5d149c4b63f6ed6c6780\lz4-java-1.8.0.jar
[Architectury Transformer DEBUG]  - C:\Users\uhhno\.gradle\caches\modules-2\files-2.1\org.slf4j\slf4j-api\2.0.16\172931663a09a1fa515567af5fbef00897d3c04\slf4j-api-2.0.16.jar
[Architectury Transformer DEBUG]  - C:\Users\uhhno\IdeaProjects\trashs-mooblooms\.gradle\loom-cache\minecraftMaven\net\minecraft\minecraft-merged-703cd2b3bb\1.21.4-loom.mappings.1_21_4.layered+hash.1284229067-v2\minecraft-merged-703cd2b3bb-1.21.4-loom.mappings.1_21_4.layered+hash.1284229067-v2.jar
[Architectury Transformer DEBUG]  - C:\Users\uhhno\.gradle\caches\modules-2\files-2.1\io.netty\netty-transport-native-epoll\4.1.115.Final\a6cc58c4a259bad159cbb06120cea9b3474e86a0\netty-transport-native-epoll-4.1.115.Final-linux-x86_64.jar
[Architectury Transformer DEBUG]  - C:\Users\uhhno\.gradle\caches\modules-2\files-2.1\io.netty\netty-transport-native-epoll\4.1.115.Final\a80b32f98ceb4e27958c0ceaf22ddad9ea6c0d4e\netty-transport-native-epoll-4.1.115.Final-linux-aarch_64.jar
[Architectury Transformer DEBUG]  - C:\Users\uhhno\IdeaProjects\trashs-mooblooms\.gradle\loom-cache\remapped_mods\loom_mappings_1_21_4_layered_hash_1284229067_v2\maven\modrinth\trashlib\2.0-ALPHA-1-fabric\trashlib-2.0-ALPHA-1-fabric.jar
[Architectury Transformer DEBUG]  - C:\Users\uhhno\IdeaProjects\trashs-mooblooms\.gradle\loom-cache\remapped_mods\loom_mappings_1_21_4_layered_hash_1284229067_v2\net\fabricmc\fabric-api\fabric-api\0.119.2+1.21.4\fabric-api-0.119.2+1.21.4.jar
[Architectury Transformer DEBUG]  - C:\Users\uhhno\IdeaProjects\trashs-mooblooms\.gradle\loom-cache\remapped_mods\loom_mappings_1_21_4_layered_hash_1284229067_v2\dev\architectury\architectury-fabric\15.0.2\architectury-fabric-15.0.2.jar
[Architectury Transformer DEBUG]  - C:\Users\uhhno\IdeaProjects\trashs-mooblooms\.gradle\loom-cache\remapped_mods\loom_mappings_1_21_4_layered_hash_1284229067_v2\net\fabricmc\fabric-api\fabric-transfer-api-v1\5.4.9+efa825c904\fabric-transfer-api-v1-5.4.9+efa825c904.jar
[Architectury Transformer DEBUG]  - C:\Users\uhhno\IdeaProjects\trashs-mooblooms\.gradle\loom-cache\remapped_mods\loom_mappings_1_21_4_layered_hash_1284229067_v2\net\fabricmc\fabric-api\fabric-api-lookup-api-v1\1.6.86+b1caf1e904\fabric-api-lookup-api-v1-1.6.86+b1caf1e904.jar
[Architectury Transformer DEBUG]  - C:\Users\uhhno\IdeaProjects\trashs-mooblooms\.gradle\loom-cache\remapped_mods\loom_mappings_1_21_4_layered_hash_1284229067_v2\net\fabricmc\fabric-api\fabric-blockrenderlayer-v1\2.0.8+7feeb73304\fabric-blockrenderlayer-v1-2.0.8+7feeb73304.jar
[Architectury Transformer DEBUG]  - C:\Users\uhhno\IdeaProjects\trashs-mooblooms\.gradle\loom-cache\remapped_mods\loom_mappings_1_21_4_layered_hash_1284229067_v2\net\fabricmc\fabric-api\fabric-client-tags-api-v1\1.1.29+20ea1e2304\fabric-client-tags-api-v1-1.1.29+20ea1e2304.jar
[Architectury Transformer DEBUG]  - C:\Users\uhhno\IdeaProjects\trashs-mooblooms\.gradle\loom-cache\remapped_mods\loom_mappings_1_21_4_layered_hash_1284229067_v2\net\fabricmc\fabric-api\fabric-command-api-v1\1.2.62+f71b366f04\fabric-command-api-v1-1.2.62+f71b366f04.jar
[Architectury Transformer DEBUG]  - C:\Users\uhhno\IdeaProjects\trashs-mooblooms\.gradle\loom-cache\remapped_mods\loom_mappings_1_21_4_layered_hash_1284229067_v2\net\fabricmc\fabric-api\fabric-commands-v0\0.2.79+df3654b304\fabric-commands-v0-0.2.79+df3654b304.jar
[Architectury Transformer DEBUG]  - C:\Users\uhhno\IdeaProjects\trashs-mooblooms\.gradle\loom-cache\remapped_mods\loom_mappings_1_21_4_layered_hash_1284229067_v2\net\fabricmc\fabric-api\fabric-command-api-v2\2.2.41+e496eb1504\fabric-command-api-v2-2.2.41+e496eb1504.jar
[Architectury Transformer DEBUG]  - C:\Users\uhhno\IdeaProjects\trashs-mooblooms\.gradle\loom-cache\remapped_mods\loom_mappings_1_21_4_layered_hash_1284229067_v2\net\fabricmc\fabric-api\fabric-content-registries-v0\9.1.19+25d1a67604\fabric-content-registries-v0-9.1.19+25d1a67604.jar
[Architectury Transformer DEBUG]  - C:\Users\uhhno\IdeaProjects\trashs-mooblooms\.gradle\loom-cache\remapped_mods\loom_mappings_1_21_4_layered_hash_1284229067_v2\net\fabricmc\fabric-api\fabric-data-generation-api-v1\22.3.1+0f4e5f5504\fabric-data-generation-api-v1-22.3.1+0f4e5f5504.jar
[Architectury Transformer DEBUG]  - C:\Users\uhhno\IdeaProjects\trashs-mooblooms\.gradle\loom-cache\remapped_mods\loom_mappings_1_21_4_layered_hash_1284229067_v2\net\fabricmc\fabric-api\fabric-convention-tags-v1\2.1.20+7f945d5b04\fabric-convention-tags-v1-2.1.20+7f945d5b04.jar
[Architectury Transformer DEBUG]  - C:\Users\uhhno\IdeaProjects\trashs-mooblooms\.gradle\loom-cache\remapped_mods\loom_mappings_1_21_4_layered_hash_1284229067_v2\net\fabricmc\fabric-api\fabric-convention-tags-v2\2.14.1+1edcd29104\fabric-convention-tags-v2-2.14.1+1edcd29104.jar
[Architectury Transformer DEBUG]  - C:\Users\uhhno\IdeaProjects\trashs-mooblooms\.gradle\loom-cache\remapped_mods\loom_mappings_1_21_4_layered_hash_1284229067_v2\net\fabricmc\fabric-api\fabric-data-attachment-api-v1\1.6.2+e99da0f704\fabric-data-attachment-api-v1-1.6.2+e99da0f704.jar
[Architectury Transformer DEBUG]  - C:\Users\uhhno\IdeaProjects\trashs-mooblooms\.gradle\loom-cache\remapped_mods\loom_mappings_1_21_4_layered_hash_1284229067_v2\net\fabricmc\fabric-api\fabric-entity-events-v1\2.0.15+62245bef04\fabric-entity-events-v1-2.0.15+62245bef04.jar
[Architectury Transformer DEBUG]  - C:\Users\uhhno\IdeaProjects\trashs-mooblooms\.gradle\loom-cache\remapped_mods\loom_mappings_1_21_4_layered_hash_1284229067_v2\net\fabricmc\fabric-api\fabric-events-interaction-v0\4.0.4+a4eebcf004\fabric-events-interaction-v0-4.0.4+a4eebcf004.jar
[Architectury Transformer DEBUG]  - C:\Users\uhhno\IdeaProjects\trashs-mooblooms\.gradle\loom-cache\remapped_mods\loom_mappings_1_21_4_layered_hash_1284229067_v2\net\fabricmc\fabric-api\fabric-gametest-api-v1\2.0.26+7feeb73304\fabric-gametest-api-v1-2.0.26+7feeb73304.jar
[Architectury Transformer DEBUG]  - C:\Users\uhhno\IdeaProjects\trashs-mooblooms\.gradle\loom-cache\remapped_mods\loom_mappings_1_21_4_layered_hash_1284229067_v2\net\fabricmc\fabric-api\fabric-item-api-v1\11.3.0+ee91fa1f04\fabric-item-api-v1-11.3.0+ee91fa1f04.jar
[Architectury Transformer DEBUG]  - C:\Users\uhhno\IdeaProjects\trashs-mooblooms\.gradle\loom-cache\remapped_mods\loom_mappings_1_21_4_layered_hash_1284229067_v2\net\fabricmc\fabric-api\fabric-item-group-api-v1\4.2.2+fcb9601404\fabric-item-group-api-v1-4.2.2+fcb9601404.jar
[Architectury Transformer DEBUG]  - C:\Users\uhhno\IdeaProjects\trashs-mooblooms\.gradle\loom-cache\remapped_mods\loom_mappings_1_21_4_layered_hash_1284229067_v2\net\fabricmc\fabric-api\fabric-lifecycle-events-v1\2.5.4+bf2a60eb04\fabric-lifecycle-events-v1-2.5.4+bf2a60eb04.jar
[Architectury Transformer DEBUG]  - C:\Users\uhhno\IdeaProjects\trashs-mooblooms\.gradle\loom-cache\remapped_mods\loom_mappings_1_21_4_layered_hash_1284229067_v2\net\fabricmc\fabric-api\fabric-loot-api-v2\3.0.38+3f89f5a504\fabric-loot-api-v2-3.0.38+3f89f5a504.jar
[Architectury Transformer DEBUG]  - C:\Users\uhhno\IdeaProjects\trashs-mooblooms\.gradle\loom-cache\remapped_mods\loom_mappings_1_21_4_layered_hash_1284229067_v2\net\fabricmc\fabric-api\fabric-loot-api-v3\1.0.26+203e6b2304\fabric-loot-api-v3-1.0.26+203e6b2304.jar
[Architectury Transformer DEBUG]  - C:\Users\uhhno\IdeaProjects\trashs-mooblooms\.gradle\loom-cache\remapped_mods\loom_mappings_1_21_4_layered_hash_1284229067_v2\net\fabricmc\fabric-api\fabric-message-api-v1\6.0.25+7feeb73304\fabric-message-api-v1-6.0.25+7feeb73304.jar
[Architectury Transformer DEBUG]  - C:\Users\uhhno\IdeaProjects\trashs-mooblooms\.gradle\loom-cache\remapped_mods\loom_mappings_1_21_4_layered_hash_1284229067_v2\net\fabricmc\fabric-api\fabric-model-loading-api-v1\4.3.0+ae23723504\fabric-model-loading-api-v1-4.3.0+ae23723504.jar
[Architectury Transformer DEBUG]  - C:\Users\uhhno\IdeaProjects\trashs-mooblooms\.gradle\loom-cache\remapped_mods\loom_mappings_1_21_4_layered_hash_1284229067_v2\net\fabricmc\fabric-api\fabric-recipe-api-v1\8.1.1+640e77ae04\fabric-recipe-api-v1-8.1.1+640e77ae04.jar
[Architectury Transformer DEBUG]  - C:\Users\uhhno\IdeaProjects\trashs-mooblooms\.gradle\loom-cache\remapped_mods\loom_mappings_1_21_4_layered_hash_1284229067_v2\net\fabricmc\fabric-api\fabric-screen-handler-api-v1\1.3.118+7feeb73304\fabric-screen-handler-api-v1-1.3.118+7feeb73304.jar
[Architectury Transformer DEBUG]  - C:\Users\uhhno\IdeaProjects\trashs-mooblooms\.gradle\loom-cache\remapped_mods\loom_mappings_1_21_4_layered_hash_1284229067_v2\net\fabricmc\fabric-api\fabric-registry-sync-v0\6.1.11+4a9c1ece04\fabric-registry-sync-v0-6.1.11+4a9c1ece04.jar
[Architectury Transformer DEBUG]  - C:\Users\uhhno\IdeaProjects\trashs-mooblooms\.gradle\loom-cache\remapped_mods\loom_mappings_1_21_4_layered_hash_1284229067_v2\net\fabricmc\fabric-api\fabric-networking-api-v1\4.4.0+db5e668204\fabric-networking-api-v1-4.4.0+db5e668204.jar
[Architectury Transformer DEBUG]  - C:\Users\uhhno\IdeaProjects\trashs-mooblooms\.gradle\loom-cache\remapped_mods\loom_mappings_1_21_4_layered_hash_1284229067_v2\net\fabricmc\fabric-api\fabric-object-builder-api-v1\18.0.14+38b0d59804\fabric-object-builder-api-v1-18.0.14+38b0d59804.jar
[Architectury Transformer DEBUG]  - C:\Users\uhhno\IdeaProjects\trashs-mooblooms\.gradle\loom-cache\remapped_mods\loom_mappings_1_21_4_layered_hash_1284229067_v2\net\fabricmc\fabric-api\fabric-particles-v1\4.0.14+7feeb73304\fabric-particles-v1-4.0.14+7feeb73304.jar
[Architectury Transformer DEBUG]  - C:\Users\uhhno\IdeaProjects\trashs-mooblooms\.gradle\loom-cache\remapped_mods\loom_mappings_1_21_4_layered_hash_1284229067_v2\net\fabricmc\fabric-api\fabric-renderer-indigo\2.0.3+50f0feb204\fabric-renderer-indigo-2.0.3+50f0feb204.jar
[Architectury Transformer DEBUG]  - C:\Users\uhhno\IdeaProjects\trashs-mooblooms\.gradle\loom-cache\remapped_mods\loom_mappings_1_21_4_layered_hash_1284229067_v2\net\fabricmc\fabric-api\fabric-renderer-api-v1\5.0.3+50f0feb204\fabric-renderer-api-v1-5.0.3+50f0feb204.jar
[Architectury Transformer DEBUG]  - C:\Users\uhhno\IdeaProjects\trashs-mooblooms\.gradle\loom-cache\remapped_mods\loom_mappings_1_21_4_layered_hash_1284229067_v2\net\fabricmc\fabric-api\fabric-rendering-fluids-v1\3.1.19+7feeb73304\fabric-rendering-fluids-v1-3.1.19+7feeb73304.jar
[Architectury Transformer DEBUG]  - C:\Users\uhhno\IdeaProjects\trashs-mooblooms\.gradle\loom-cache\remapped_mods\loom_mappings_1_21_4_layered_hash_1284229067_v2\net\fabricmc\fabric-api\fabric-rendering-v1\10.2.1+0d31b09f04\fabric-rendering-v1-10.2.1+0d31b09f04.jar
[Architectury Transformer DEBUG]  - C:\Users\uhhno\IdeaProjects\trashs-mooblooms\.gradle\loom-cache\remapped_mods\loom_mappings_1_21_4_layered_hash_1284229067_v2\net\fabricmc\fabric-api\fabric-tag-api-v1\1.0.7+7d48d43904\fabric-tag-api-v1-1.0.7+7d48d43904.jar
[Architectury Transformer DEBUG]  - C:\Users\uhhno\IdeaProjects\trashs-mooblooms\.gradle\loom-cache\remapped_mods\loom_mappings_1_21_4_layered_hash_1284229067_v2\net\fabricmc\fabric-api\fabric-resource-loader-v0\3.1.1+360374ac04\fabric-resource-loader-v0-3.1.1+360374ac04.jar
[Architectury Transformer DEBUG]  - C:\Users\uhhno\IdeaProjects\trashs-mooblooms\.gradle\loom-cache\remapped_mods\loom_mappings_1_21_4_layered_hash_1284229067_v2\net\fabricmc\fabric-api\fabric-screen-api-v1\2.0.38+7feeb73304\fabric-screen-api-v1-2.0.38+7feeb73304.jar
[Architectury Transformer DEBUG]  - C:\Users\uhhno\IdeaProjects\trashs-mooblooms\.gradle\loom-cache\remapped_mods\loom_mappings_1_21_4_layered_hash_1284229067_v2\net\fabricmc\fabric-api\fabric-api-base\0.4.54+b47eab6b04\fabric-api-base-0.4.54+b47eab6b04.jar
[Architectury Transformer DEBUG]  - C:\Users\uhhno\IdeaProjects\trashs-mooblooms\.gradle\loom-cache\remapped_mods\loom_mappings_1_21_4_layered_hash_1284229067_v2\net\fabricmc\fabric-api\fabric-biome-api-v1\15.0.6+b1c29d8e04\fabric-biome-api-v1-15.0.6+b1c29d8e04.jar
[Architectury Transformer DEBUG]  - C:\Users\uhhno\IdeaProjects\trashs-mooblooms\.gradle\loom-cache\remapped_mods\loom_mappings_1_21_4_layered_hash_1284229067_v2\net\fabricmc\fabric-api\fabric-block-api-v1\1.0.31+7feeb73304\fabric-block-api-v1-1.0.31+7feeb73304.jar
[Architectury Transformer DEBUG]  - C:\Users\uhhno\IdeaProjects\trashs-mooblooms\.gradle\loom-cache\remapped_mods\loom_mappings_1_21_4_layered_hash_1284229067_v2\net\fabricmc\fabric-api\fabric-rendering-data-attachment-v1\0.3.58+73761d2e04\fabric-rendering-data-attachment-v1-0.3.58+73761d2e04.jar
[Architectury Transformer DEBUG]  - C:\Users\uhhno\IdeaProjects\trashs-mooblooms\.gradle\loom-cache\remapped_mods\loom_mappings_1_21_4_layered_hash_1284229067_v2\net\fabricmc\fabric-api\fabric-block-view-api-v2\1.0.20+9c49cc8c04\fabric-block-view-api-v2-1.0.20+9c49cc8c04.jar
[Architectury Transformer DEBUG]  - C:\Users\uhhno\IdeaProjects\trashs-mooblooms\.gradle\loom-cache\remapped_mods\loom_mappings_1_21_4_layered_hash_1284229067_v2\net\fabricmc\fabric-api\fabric-client-gametest-api-v1\4.1.1+6816ccd404\fabric-client-gametest-api-v1-4.1.1+6816ccd404.jar
[Architectury Transformer DEBUG]  - C:\Users\uhhno\IdeaProjects\trashs-mooblooms\.gradle\loom-cache\remapped_mods\loom_mappings_1_21_4_layered_hash_1284229067_v2\net\fabricmc\fabric-api\fabric-crash-report-info-v1\0.3.6+7feeb73304\fabric-crash-report-info-v1-0.3.6+7feeb73304.jar
[Architectury Transformer DEBUG]  - C:\Users\uhhno\IdeaProjects\trashs-mooblooms\.gradle\loom-cache\remapped_mods\loom_mappings_1_21_4_layered_hash_1284229067_v2\net\fabricmc\fabric-api\fabric-dimensions-v1\4.0.10+7feeb73304\fabric-dimensions-v1-4.0.10+7feeb73304.jar
[Architectury Transformer DEBUG]  - C:\Users\uhhno\IdeaProjects\trashs-mooblooms\.gradle\loom-cache\remapped_mods\loom_mappings_1_21_4_layered_hash_1284229067_v2\net\fabricmc\fabric-api\fabric-game-rule-api-v1\1.0.63+7d48d43904\fabric-game-rule-api-v1-1.0.63+7d48d43904.jar
[Architectury Transformer DEBUG]  - C:\Users\uhhno\IdeaProjects\trashs-mooblooms\.gradle\loom-cache\remapped_mods\loom_mappings_1_21_4_layered_hash_1284229067_v2\net\fabricmc\fabric-api\fabric-keybindings-v0\0.2.55+df3654b304\fabric-keybindings-v0-0.2.55+df3654b304.jar
[Architectury Transformer DEBUG]  - C:\Users\uhhno\IdeaProjects\trashs-mooblooms\.gradle\loom-cache\remapped_mods\loom_mappings_1_21_4_layered_hash_1284229067_v2\net\fabricmc\fabric-api\fabric-key-binding-api-v1\1.0.57+7d48d43904\fabric-key-binding-api-v1-1.0.57+7d48d43904.jar
[Architectury Transformer DEBUG]  - C:\Users\uhhno\IdeaProjects\trashs-mooblooms\.gradle\loom-cache\remapped_mods\loom_mappings_1_21_4_layered_hash_1284229067_v2\net\fabricmc\fabric-api\fabric-resource-conditions-api-v1\5.0.13+203e6b2304\fabric-resource-conditions-api-v1-5.0.13+203e6b2304.jar
[Architectury Transformer DEBUG]  - C:\Users\uhhno\IdeaProjects\trashs-mooblooms\.gradle\loom-cache\remapped_mods\loom_mappings_1_21_4_layered_hash_1284229067_v2\net\fabricmc\fabric-api\fabric-sound-api-v1\1.0.32+7feeb73304\fabric-sound-api-v1-1.0.32+7feeb73304.jar
[Architectury Transformer DEBUG]  - C:\Users\uhhno\IdeaProjects\trashs-mooblooms\.gradle\loom-cache\remapped_mods\loom_mappings_1_21_4_layered_hash_1284229067_v2\net\fabricmc\fabric-api\fabric-transitive-access-wideners-v1\6.3.2+56e78b9b04\fabric-transitive-access-wideners-v1-6.3.2+56e78b9b04.jar
[Architectury Transformer] Read classpath in 1.047 s
[Architectury Transformer DEBUG] Closed File Systems for C:\Users\uhhno\IdeaProjects\trashs-mooblooms\common\build\devlibs\manymooblooms-common-1.0.0-dev.jar
[Architectury Transformer DEBUG] Transforming 5 transformer(s) from C:\Users\uhhno\IdeaProjects\trashs-mooblooms\common\build\devlibs\manymooblooms-common-1.0.0-dev.jar to C:\Users\uhhno\AppData\Local\Temp\17423985321438788848.jar: 
[Architectury Transformer DEBUG]  - dev.architectury.transformer.transformers.RuntimeMixinRefmapDetector@188715b5
[Architectury Transformer DEBUG]  - dev.architectury.transformer.transformers.GenerateFakeFabricMod@1ea9f6af
[Architectury Transformer DEBUG]  - dev.architectury.transformer.transformers.TransformExpectPlatform@6a192cfe
[Architectury Transformer DEBUG]  - dev.architectury.transformer.transformers.RemapInjectables@5119fb47
[Architectury Transformer DEBUG]  - dev.architectury.transformer.transformers.TransformPlatformOnly@7193666c
[Architectury Transformer DEBUG] Transforming from C:\Users\uhhno\IdeaProjects\trashs-mooblooms\common\build\devlibs\manymooblooms-common-1.0.0-dev.jar to C:\Users\uhhno\AppData\Local\Temp\17423985321438788848.jar with 5 transformer(s) on dev.architectury.transformer.handler.SimpleTransformerHandler
[Architectury Transformer DEBUG] Found class transformer
[Architectury Transformer DEBUG] Writing io/github/trashoflevillage/manymooblooms/blocks/ModBlocks with maxs=true frames=true
[Architectury Transformer DEBUG] Writing io/github/trashoflevillage/manymooblooms/ManyMooblooms with maxs=true frames=true
[Architectury Transformer DEBUG] Checking whether /manymooblooms.mixins.json is a mixin config.
[Architectury Transformer DEBUG] Closed File Systems for C:\Users\uhhno\AppData\Local\Temp\17423985321438788848.jar
[Architectury Transformer] Listening at C:\Users\uhhno\IdeaProjects\trashs-mooblooms\common\build\devlibs\manymooblooms-common-1.0.0-dev.jar
[Architectury Transformer DEBUG] Temporary jar [C:\Users\uhhno\AppData\Local\Temp\17423985321438788848.jar] contains packages: io.github.trashoflevillage.manymooblooms, io.github.trashoflevillage.manymooblooms.blocks
[Architectury Transformer DEBUG] Closed File Systems for C:\Users\uhhno\IdeaProjects\trashs-mooblooms\common\build\devlibs\manymooblooms-common-1.0.0-dev.jar
[Architectury Transformer DEBUG] Classpath entry [C:\Users\uhhno\IdeaProjects\trashs-mooblooms\fabric\build\resources\main] contains packages: 
[Architectury Transformer DEBUG] Transforming from io/github/trashoflevillage/manymooblooms/ManyMooblooms.class to io/github/trashoflevillage/manymooblooms/ManyMooblooms.class with 5 transformer(s) on dev.architectury.transformer.handler.TinyRemapperPreparedTransformerHandler
[Architectury Transformer DEBUG] Found class transformer
[Architectury Transformer DEBUG] Writing io/github/trashoflevillage/manymooblooms/ManyMooblooms with maxs=true frames=true
[Architectury Transformer DEBUG] Transformed io/github/trashoflevillage/manymooblooms/ManyMooblooms in 1.049 ms
[Architectury Transformer DEBUG] Transforming from io/github/trashoflevillage/manymooblooms/blocks/ModBlocks.class to io/github/trashoflevillage/manymooblooms/blocks/ModBlocks.class with 5 transformer(s) on dev.architectury.transformer.handler.TinyRemapperPreparedTransformerHandler
[Architectury Transformer DEBUG] Found class transformer
[Architectury Transformer DEBUG] Writing io/github/trashoflevillage/manymooblooms/blocks/ModBlocks with maxs=true frames=true
[Architectury Transformer DEBUG] Transformed io/github/trashoflevillage/manymooblooms/blocks/ModBlocks in 3.511 ms
